<?xml version="1.0" encoding="UTF-8"?>
<!-- Generated by org.testng.reporters.JUnitReportReporter -->
<testsuite hostname="HPDB0003" name="TATOC_Test.TestPopUpWindow" tests="3" failures="0" timestamp="21 Jun 2018 11:39:00 GMT" time="19.965" errors="0">
  <testcase name="proceedingWithLaunchingPopUpWindowButWithBlankText" time="6.862" classname="TATOC_Test.TestPopUpWindow"/>
  <testcase name="proceedingWithoutLaunchingPopUpWindow" time="3.727" classname="TATOC_Test.TestPopUpWindow"/>
  <testcase name="proceedingWithLaunchingPopUpWindowButWithoutBlankText" time="9.376" classname="TATOC_Test.TestPopUpWindow"/>
</testsuite> <!-- TATOC_Test.TestPopUpWindow -->
