<?xml version="1.0" encoding="UTF-8"?>
<!-- Generated by org.testng.reporters.JUnitReportReporter -->
<testsuite hostname="HPDB0003" name="TATOC_Test.TestCookieHandling" tests="3" failures="0" timestamp="21 Jun 2018 12:32:12 GMT" time="37.597" errors="0">
  <testcase name="TC_1_proceedWithoutGeneratingToken" time="6.846" classname="TATOC_Test.TestCookieHandling"/>
  <testcase name="TC_3_proceedWithGeneratingTokenWithCreatingCookie" time="13.238" classname="TATOC_Test.TestCookieHandling"/>
  <testcase name="TC_2_proceedWithGeneratingTokenButWithoutCreatingCookie" time="17.513" classname="TATOC_Test.TestCookieHandling"/>
</testsuite> <!-- TATOC_Test.TestCookieHandling -->
