<?xml version="1.0" encoding="UTF-8"?>
<!-- Generated by org.testng.reporters.JUnitReportReporter -->
<testsuite hostname="HPDB0003" name="TATOC_Test.TestWelcomePage" tests="1" failures="0" timestamp="21 Jun 2018 06:42:25 GMT" time="5.814" errors="0">
  <testcase name="basicCourseOnClickOperation" time="5.814" classname="TATOC_Test.TestWelcomePage"/>
</testsuite> <!-- TATOC_Test.TestWelcomePage -->
