<?xml version="1.0" encoding="UTF-8"?>
<!-- Generated by org.testng.reporters.JUnitReportReporter -->
<testsuite hostname="HPDB0003" name="TATOC_Test.TestFrameDungeon" tests="2" failures="0" timestamp="21 Jun 2018 11:34:21 GMT" time="6.814" errors="0">
  <testcase name="proceedIfBothBoxAreOfDifferentColour" time="3.673" classname="TATOC_Test.TestFrameDungeon"/>
  <testcase name="proceedIfBothBoxAreOfSameColour" time="3.141" classname="TATOC_Test.TestFrameDungeon"/>
</testsuite> <!-- TATOC_Test.TestFrameDungeon -->
