<?xml version="1.0" encoding="UTF-8"?>
<!-- Generated by org.testng.reporters.JUnitReportReporter -->
<testsuite hostname="HPDB0003" name="TATOC_Test.NewTest" tests="1" failures="0" timestamp="21 Jun 2018 09:40:57 GMT" time="0.006" errors="0">
  <testcase name="f" time="0.006" classname="TATOC_Test.NewTest"/>
</testsuite> <!-- TATOC_Test.NewTest -->
