<?xml version="1.0" encoding="UTF-8"?>
<!-- Generated by org.testng.reporters.JUnitReportReporter -->
<testsuite hostname="HPDB0003" name="TATOC_Test.TestBasicGridGate" tests="2" failures="0" timestamp="22 Jun 2018 07:37:42 GMT" time="6.609" errors="0">
  <testcase name="nextWindiowOnRedGrid" time="5.871" classname="TATOC_Test.TestBasicGridGate"/>
  <testcase name="errorIfGreenGrid" time="0.738" classname="TATOC_Test.TestBasicGridGate"/>
</testsuite> <!-- TATOC_Test.TestBasicGridGate -->
