<?xml version="1.0" encoding="UTF-8"?>
<!-- Generated by org.testng.reporters.JUnitReportReporter -->
<testsuite hostname="HPDB0003" name="TATOC_Test.TestBasicGridGate" tests="2" failures="0" timestamp="21 Jun 2018 11:33:10 GMT" time="7.422" errors="0">
  <testcase name="nextWindiowOnRedGrid" time="6.723" classname="TATOC_Test.TestBasicGridGate"/>
  <testcase name="errorIfGreenGrid" time="0.699" classname="TATOC_Test.TestBasicGridGate"/>
</testsuite> <!-- TATOC_Test.TestBasicGridGate -->
