<?xml version="1.0" encoding="UTF-8"?>
<!-- Generated by org.testng.reporters.JUnitReportReporter -->
<testsuite hostname="HPDB0003" name="TATOC_Test.TestDragBox" tests="2" failures="0" timestamp="21 Jun 2018 11:33:40 GMT" time="0.723" errors="0">
  <testcase name="proceedIfNotDragedDragMe" time="0.308" classname="TATOC_Test.TestDragBox"/>
  <testcase name="proceedIfDragedDragMe" time="0.415" classname="TATOC_Test.TestDragBox"/>
</testsuite> <!-- TATOC_Test.TestDragBox -->
